[2024-08-25T08:37:55.319+0000] {manager.py:470} INFO - Processing files using up to 2 processes at a time 
[2024-08-25T08:37:55.322+0000] {manager.py:471} INFO - Process each file at most once every 30 seconds
[2024-08-25T08:37:55.324+0000] {manager.py:472} INFO - Checking for new files in /opt/airflow/dags every 300 seconds
[2024-08-25T08:37:55.325+0000] {manager.py:737} INFO - Searching for files in /opt/airflow/dags
[2024-08-25T08:37:55.331+0000] {manager.py:740} INFO - There are 0 files in /opt/airflow/dags
[2024-08-25T08:42:55.790+0000] {manager.py:737} INFO - Searching for files in /opt/airflow/dags
[2024-08-25T08:42:55.801+0000] {manager.py:740} INFO - There are 0 files in /opt/airflow/dags
[2024-08-25T08:47:56.219+0000] {manager.py:737} INFO - Searching for files in /opt/airflow/dags
[2024-08-25T08:47:56.234+0000] {manager.py:740} INFO - There are 0 files in /opt/airflow/dags
[2024-08-25T08:52:56.684+0000] {manager.py:737} INFO - Searching for files in /opt/airflow/dags
[2024-08-25T08:52:56.694+0000] {manager.py:740} INFO - There are 0 files in /opt/airflow/dags
[2024-08-25T08:57:57.099+0000] {manager.py:737} INFO - Searching for files in /opt/airflow/dags
[2024-08-25T08:57:57.112+0000] {manager.py:740} INFO - There are 0 files in /opt/airflow/dags
[2024-08-25T09:02:57.562+0000] {manager.py:737} INFO - Searching for files in /opt/airflow/dags
[2024-08-25T09:02:57.572+0000] {manager.py:740} INFO - There are 0 files in /opt/airflow/dags
[2024-08-25T09:07:58.037+0000] {manager.py:737} INFO - Searching for files in /opt/airflow/dags
[2024-08-25T09:07:58.047+0000] {manager.py:740} INFO - There are 0 files in /opt/airflow/dags
[2024-08-25T09:12:58.488+0000] {manager.py:737} INFO - Searching for files in /opt/airflow/dags
[2024-08-25T09:12:58.499+0000] {manager.py:740} INFO - There are 0 files in /opt/airflow/dags
[2024-08-25T09:17:58.932+0000] {manager.py:737} INFO - Searching for files in /opt/airflow/dags
[2024-08-25T09:17:58.945+0000] {manager.py:740} INFO - There are 0 files in /opt/airflow/dags
[2024-08-25T09:22:59.376+0000] {manager.py:737} INFO - Searching for files in /opt/airflow/dags
[2024-08-25T09:22:59.387+0000] {manager.py:740} INFO - There are 0 files in /opt/airflow/dags
[2024-08-25T09:27:59.835+0000] {manager.py:737} INFO - Searching for files in /opt/airflow/dags
[2024-08-25T09:27:59.845+0000] {manager.py:740} INFO - There are 0 files in /opt/airflow/dags
[2024-08-25T09:33:00.306+0000] {manager.py:737} INFO - Searching for files in /opt/airflow/dags
[2024-08-25T09:33:00.319+0000] {manager.py:740} INFO - There are 0 files in /opt/airflow/dags
[2024-08-25T09:38:00.795+0000] {manager.py:737} INFO - Searching for files in /opt/airflow/dags
[2024-08-25T09:38:00.806+0000] {manager.py:740} INFO - There are 0 files in /opt/airflow/dags
[2024-08-25T09:43:01.252+0000] {manager.py:737} INFO - Searching for files in /opt/airflow/dags
[2024-08-25T09:43:01.263+0000] {manager.py:740} INFO - There are 0 files in /opt/airflow/dags
[2024-08-25T09:48:01.700+0000] {manager.py:737} INFO - Searching for files in /opt/airflow/dags
[2024-08-25T09:48:01.710+0000] {manager.py:740} INFO - There are 0 files in /opt/airflow/dags
[2024-08-25T09:52:38.157+0000] {manager.py:452} INFO - Exiting gracefully upon receiving signal 15
